Flow report for compare_8bits
Fri Sep 08 23:00:21 2023
Quartus II 64-Bit Version 13.1.0 Build 162 10/23/2013 SJ Web Edition


---------------------
; Table of Contents ;
---------------------
  1. Legal Notice
  2. Flow Summary
  3. Flow Settings
  4. Flow Non-Default Global Settings
  5. Flow Elapsed Time
  6. Flow OS Summary
  7. Flow Log
  8. Flow Messages
  9. Flow Suppressed Messages



----------------
; Legal Notice ;
----------------
Copyright (C) 1991-2013 Altera Corporation
Your use of Altera Corporation's design tools, logic functions 
and other software and tools, and its AMPP partner logic 
functions, and any output files from any of the foregoing 
(including device programming or simulation files), and any 
associated documentation or information are expressly subject 
to the terms and conditions of the Altera Program License 
Subscription Agreement, Altera MegaCore Function License 
Agreement, or other applicable license agreement, including, 
without limitation, that your use is for the sole purpose of 
programming logic devices manufactured by Altera and sold by 
Altera or its authorized distributors.  Please refer to the 
applicable agreement for further details.



+---------------------------------------------------------------------------------+
; Flow Summary                                                                    ;
+------------------------------------+--------------------------------------------+
; Flow Status                        ; Successful - Fri Sep 08 23:00:21 2023      ;
; Quartus II 64-Bit Version          ; 13.1.0 Build 162 10/23/2013 SJ Web Edition ;
; Revision Name                      ; compare_8bits                              ;
; Top-level Entity Name              ; compare_8bits                              ;
; Family                             ; Cyclone III                                ;
; Total logic elements               ; 17 / 5,136 ( < 1 % )                       ;
;     Total combinational functions  ; 17 / 5,136 ( < 1 % )                       ;
;     Dedicated logic registers      ; 0 / 5,136 ( 0 % )                          ;
; Total registers                    ; 0                                          ;
; Total pins                         ; 19 / 183 ( 10 % )                          ;
; Total virtual pins                 ; 0                                          ;
; Total memory bits                  ; 0 / 423,936 ( 0 % )                        ;
; Embedded Multiplier 9-bit elements ; 0 / 46 ( 0 % )                             ;
; Total PLLs                         ; 0 / 2 ( 0 % )                              ;
; Device                             ; EP3C5F256C6                                ;
; Timing Models                      ; Final                                      ;
+------------------------------------+--------------------------------------------+


+-----------------------------------------+
; Flow Settings                           ;
+-------------------+---------------------+
; Option            ; Setting             ;
+-------------------+---------------------+
; Start date & time ; 09/08/2023 22:59:59 ;
; Main task         ; Compilation         ;
; Revision Name     ; compare_8bits       ;
+-------------------+---------------------+


+----------------------------------------------------------------------------------------------------------------------+
; Flow Non-Default Global Settings                                                                                     ;
+--------------------------------------+--------------------------------+---------------+-------------+----------------+
; Assignment Name                      ; Value                          ; Default Value ; Entity Name ; Section Id     ;
+--------------------------------------+--------------------------------+---------------+-------------+----------------+
; COMPILER_SIGNATURE_ID                ; 13870909644765.169418519815548 ; --            ; --          ; --             ;
; EDA_DESIGN_INSTANCE_NAME             ; NA                             ; --            ; --          ; comp_8bits_tb  ;
; EDA_NATIVELINK_SIMULATION_TEST_BENCH ; comp_8bits_tb                  ; --            ; --          ; eda_simulation ;
; EDA_NETLIST_WRITER_OUTPUT_DIR        ; simulation/modelsim/           ; --            ; --          ; eda_simulation ;
; EDA_OUTPUT_DATA_FORMAT               ; Verilog Hdl                    ; --            ; --          ; eda_simulation ;
; EDA_SIMULATION_TOOL                  ; ModelSim-Altera (Verilog)      ; <None>        ; --          ; --             ;
; EDA_TEST_BENCH_ENABLE_STATUS         ; TEST_BENCH_MODE                ; --            ; --          ; eda_simulation ;
; EDA_TEST_BENCH_FILE                  ; comp_8bits_tb.v                ; --            ; --          ; comp_8bits_tb  ;
; EDA_TEST_BENCH_MODULE_NAME           ; comp_8bits_tb                  ; --            ; --          ; comp_8bits_tb  ;
; EDA_TEST_BENCH_NAME                  ; comp_8bits_tb                  ; --            ; --          ; eda_simulation ;
; EDA_TIME_SCALE                       ; 1 ps                           ; --            ; --          ; eda_simulation ;
; PARTITION_COLOR                      ; 16764057                       ; --            ; --          ; Top            ;
; PARTITION_FITTER_PRESERVATION_LEVEL  ; PLACEMENT_AND_ROUTING          ; --            ; --          ; Top            ;
; PARTITION_NETLIST_TYPE               ; SOURCE                         ; --            ; --          ; Top            ;
; PROJECT_OUTPUT_DIRECTORY             ; output_files                   ; --            ; --          ; --             ;
+--------------------------------------+--------------------------------+---------------+-------------+----------------+


+-------------------------------------------------------------------------------------------------------------------------------+
; Flow Elapsed Time                                                                                                             ;
+---------------------------+--------------+-------------------------+---------------------+------------------------------------+
; Module Name               ; Elapsed Time ; Average Processors Used ; Peak Virtual Memory ; Total CPU Time (on all processors) ;
+---------------------------+--------------+-------------------------+---------------------+------------------------------------+
; Analysis & Synthesis      ; 00:00:02     ; 1.0                     ; 4610 MB             ; 00:00:02                           ;
; Fitter                    ; 00:00:07     ; 1.0                     ; 4918 MB             ; 00:00:07                           ;
; Assembler                 ; 00:00:03     ; 1.0                     ; 4569 MB             ; 00:00:02                           ;
; TimeQuest Timing Analyzer ; 00:00:02     ; 1.0                     ; 4604 MB             ; 00:00:02                           ;
; EDA Netlist Writer        ; 00:00:01     ; 1.0                     ; 4540 MB             ; 00:00:01                           ;
; Total                     ; 00:00:15     ; --                      ; --                  ; 00:00:14                           ;
+---------------------------+--------------+-------------------------+---------------------+------------------------------------+


+----------------------------------------------------------------------------------------+
; Flow OS Summary                                                                        ;
+---------------------------+------------------+-----------+------------+----------------+
; Module Name               ; Machine Hostname ; OS Name   ; OS Version ; Processor type ;
+---------------------------+------------------+-----------+------------+----------------+
; Analysis & Synthesis      ; Sam-nb           ; Windows 7 ; 6.2        ; x86_64         ;
; Fitter                    ; Sam-nb           ; Windows 7 ; 6.2        ; x86_64         ;
; Assembler                 ; Sam-nb           ; Windows 7 ; 6.2        ; x86_64         ;
; TimeQuest Timing Analyzer ; Sam-nb           ; Windows 7 ; 6.2        ; x86_64         ;
; EDA Netlist Writer        ; Sam-nb           ; Windows 7 ; 6.2        ; x86_64         ;
+---------------------------+------------------+-----------+------------+----------------+


------------
; Flow Log ;
------------
quartus_map --read_settings_files=on --write_settings_files=off compare_8bits -c compare_8bits
quartus_fit --read_settings_files=off --write_settings_files=off compare_8bits -c compare_8bits
quartus_asm --read_settings_files=off --write_settings_files=off compare_8bits -c compare_8bits
quartus_sta compare_8bits -c compare_8bits
quartus_eda --read_settings_files=off --write_settings_files=off compare_8bits -c compare_8bits



